[debug] [2025-12-29T13:20:36.896Z] ----------------------------------------------------------------------
[debug] [2025-12-29T13:20:36.900Z] Command:       C:\Program Files\nodejs\node.exe C:\Users\reznichenko.i\AppData\Roaming\npm\node_modules\firebase-tools\lib\bin\firebase.js init
[debug] [2025-12-29T13:20:36.901Z] CLI Version:   15.1.0
[debug] [2025-12-29T13:20:36.901Z] Platform:      win32
[debug] [2025-12-29T13:20:36.901Z] Node Version:  v22.18.0
[debug] [2025-12-29T13:20:36.902Z] Time:          Mon Dec 29 2025 16:20:36 GMT+0300 (Москва, стандартное время)
[debug] [2025-12-29T13:20:36.902Z] ----------------------------------------------------------------------
[debug] 
[debug] [2025-12-29T13:20:36.906Z] >>> [apiv2][query] GET https://firebase-public.firebaseio.com/cli.json [none]
[info] 
     ######## #### ########  ######## ########     ###     ######  ########
     ##        ##  ##     ## ##       ##     ##  ##   ##  ##       ##
     ######    ##  ########  ######   ########  #########  ######  ######
     ##        ##  ##    ##  ##       ##     ## ##     ##       ## ##
     ##       #### ##     ## ######## ########  ##     ##  ######  ########

You're about to initialize a Firebase project in this directory:

  C:\android\LdsOnlineWebView\www

Before we get started, keep in mind:

  * You are currently outside your home directory

[debug] [2025-12-29T13:20:39.692Z] <<< [apiv2][status] GET https://firebase-public.firebaseio.com/cli.json 200
[debug] [2025-12-29T13:20:39.692Z] <<< [apiv2][body] GET https://firebase-public.firebaseio.com/cli.json {"cloudBuildErrorAfter":1594252800000,"cloudBuildWarnAfter":1590019200000,"defaultNode10After":1594252800000,"minVersion":"3.0.5","node8DeploysDisabledAfter":1613390400000,"node8RuntimeDisabledAfter":1615809600000,"node8WarnAfter":1600128000000}
[info] 
=== Project Setup
[info] 
[info] First, let's associate this project directory with a Firebase project.
[info] You can create multiple project aliases by running firebase use --add, 
[info] 
[debug] [2025-12-29T13:21:05.215Z] > command requires scopes: ["email","openid","https://www.googleapis.com/auth/cloudplatformprojects.readonly","https://www.googleapis.com/auth/firebase","https://www.googleapis.com/auth/cloud-platform"]
[debug] [2025-12-29T13:21:05.215Z] > authorizing via signed-in user (ishumakov881@gmail.com)
[debug] [2025-12-29T13:21:05.217Z] Checked if tokens are valid: false, expires at: 1731918075426
[debug] [2025-12-29T13:21:05.217Z] Checked if tokens are valid: false, expires at: 1731918075426
[debug] [2025-12-29T13:21:05.217Z] > refreshing access token with scopes: []
[debug] [2025-12-29T13:21:05.219Z] >>> [apiv2][query] POST https://www.googleapis.com/oauth2/v3/token [none]
[debug] [2025-12-29T13:21:05.219Z] >>> [apiv2][body] POST https://www.googleapis.com/oauth2/v3/token [omitted]
[debug] [2025-12-29T13:21:05.480Z] <<< [apiv2][status] POST https://www.googleapis.com/oauth2/v3/token 400
[debug] [2025-12-29T13:21:05.480Z] <<< [apiv2][body] POST https://www.googleapis.com/oauth2/v3/token [omitted]
[debug] [2025-12-29T13:21:05.481Z] >>> [apiv2][query] GET https://firebase.googleapis.com/v1beta1/projects pageSize=100
[debug] [2025-12-29T13:21:05.863Z] <<< [apiv2][status] GET https://firebase.googleapis.com/v1beta1/projects 401
[debug] [2025-12-29T13:21:05.863Z] <<< [apiv2][body] GET https://firebase.googleapis.com/v1beta1/projects [omitted]
[debug] [2025-12-29T13:21:05.863Z] Got a 401 Unauthenticated error for a call that required authentication. Refreshing tokens.
[debug] [2025-12-29T13:21:05.863Z] Checked if tokens are valid: false, expires at: 1731918075426
[debug] [2025-12-29T13:21:05.863Z] Checked if tokens are valid: false, expires at: 1731918075426
[debug] [2025-12-29T13:21:05.863Z] > refreshing access token with scopes: []
[debug] [2025-12-29T13:21:05.864Z] >>> [apiv2][query] POST https://www.googleapis.com/oauth2/v3/token [none]
[debug] [2025-12-29T13:21:05.864Z] >>> [apiv2][body] POST https://www.googleapis.com/oauth2/v3/token [omitted]
[debug] [2025-12-29T13:21:05.952Z] <<< [apiv2][status] POST https://www.googleapis.com/oauth2/v3/token 400
[debug] [2025-12-29T13:21:05.952Z] <<< [apiv2][body] POST https://www.googleapis.com/oauth2/v3/token [omitted]
[debug] [2025-12-29T13:21:05.953Z] Request to https://firebase.googleapis.com/v1beta1/projects?pageSize=100 had HTTP Error: 401, Request had invalid authentication credentials. Expected OAuth 2 access token, login cookie or other valid authentication credential. See https://developers.google.com/identity/sign-in/web/devconsole-project.
[debug] [2025-12-29T13:21:05.955Z] FirebaseError: Request to https://firebase.googleapis.com/v1beta1/projects?pageSize=100 had HTTP Error: 401, Request had invalid authentication credentials. Expected OAuth 2 access token, login cookie or other valid authentication credential. See https://developers.google.com/identity/sign-in/web/devconsole-project.
    at responseToError (C:\Users\reznichenko.i\AppData\Roaming\npm\node_modules\firebase-tools\lib\responseToError.js:53:12)
    at RetryOperation._fn (C:\Users\reznichenko.i\AppData\Roaming\npm\node_modules\firebase-tools\lib\apiv2.js:322:77)
    at process.processTicksAndRejections (node:internal/process/task_queues:105:5)
[error] 
[error] Error: Failed to list Firebase projects. See firebase-debug.log for more info.
[debug] [2025-12-29T13:21:23.414Z] ----------------------------------------------------------------------
[debug] [2025-12-29T13:21:23.418Z] Command:       C:\Program Files\nodejs\node.exe C:\Users\reznichenko.i\AppData\Roaming\npm\node_modules\firebase-tools\lib\bin\firebase.js init
[debug] [2025-12-29T13:21:23.419Z] CLI Version:   15.1.0
[debug] [2025-12-29T13:21:23.419Z] Platform:      win32
[debug] [2025-12-29T13:21:23.419Z] Node Version:  v22.18.0
[debug] [2025-12-29T13:21:23.420Z] Time:          Mon Dec 29 2025 16:21:23 GMT+0300 (Москва, стандартное время)
[debug] [2025-12-29T13:21:23.420Z] ----------------------------------------------------------------------
[debug] 
[info] 
     ######## #### ########  ######## ########     ###     ######  ########
     ##        ##  ##     ## ##       ##     ##  ##   ##  ##       ##
     ######    ##  ########  ######   ########  #########  ######  ######
     ##        ##  ##    ##  ##       ##     ## ##     ##       ## ##
     ##       #### ##     ## ######## ########  ##     ##  ######  ########

You're about to initialize a Firebase project in this directory:

  C:\android\LdsOnlineWebView\www

Before we get started, keep in mind:

  * You are currently outside your home directory

[info] 
=== Project Setup
[info] 
[info] First, let's associate this project directory with a Firebase project.
[info] You can create multiple project aliases by running firebase use --add, 
[info] 
[debug] [2025-12-29T13:21:32.895Z] > command requires scopes: ["email","openid","https://www.googleapis.com/auth/cloudplatformprojects.readonly","https://www.googleapis.com/auth/firebase","https://www.googleapis.com/auth/cloud-platform"]
[debug] [2025-12-29T13:21:32.895Z] > authorizing via signed-in user (ishumakov881@gmail.com)
[debug] [2025-12-29T13:21:32.897Z] Checked if tokens are valid: false, expires at: 1731918075426
[debug] [2025-12-29T13:21:32.897Z] Checked if tokens are valid: false, expires at: 1731918075426
[debug] [2025-12-29T13:21:32.898Z] > refreshing access token with scopes: []
[debug] [2025-12-29T13:21:32.900Z] >>> [apiv2][query] POST https://www.googleapis.com/oauth2/v3/token [none]
[debug] [2025-12-29T13:21:32.901Z] >>> [apiv2][body] POST https://www.googleapis.com/oauth2/v3/token [omitted]
[debug] [2025-12-29T13:21:33.186Z] <<< [apiv2][status] POST https://www.googleapis.com/oauth2/v3/token 400
[debug] [2025-12-29T13:21:33.186Z] <<< [apiv2][body] POST https://www.googleapis.com/oauth2/v3/token [omitted]
[debug] [2025-12-29T13:21:33.187Z] >>> [apiv2][query] GET https://firebase.googleapis.com/v1beta1/projects pageSize=100
[debug] [2025-12-29T13:21:33.546Z] <<< [apiv2][status] GET https://firebase.googleapis.com/v1beta1/projects 401
[debug] [2025-12-29T13:21:33.546Z] <<< [apiv2][body] GET https://firebase.googleapis.com/v1beta1/projects [omitted]
[debug] [2025-12-29T13:21:33.546Z] Got a 401 Unauthenticated error for a call that required authentication. Refreshing tokens.
[debug] [2025-12-29T13:21:33.546Z] Checked if tokens are valid: false, expires at: 1731918075426
[debug] [2025-12-29T13:21:33.546Z] Checked if tokens are valid: false, expires at: 1731918075426
[debug] [2025-12-29T13:21:33.547Z] > refreshing access token with scopes: []
[debug] [2025-12-29T13:21:33.547Z] >>> [apiv2][query] POST https://www.googleapis.com/oauth2/v3/token [none]
[debug] [2025-12-29T13:21:33.547Z] >>> [apiv2][body] POST https://www.googleapis.com/oauth2/v3/token [omitted]
[debug] [2025-12-29T13:21:33.631Z] <<< [apiv2][status] POST https://www.googleapis.com/oauth2/v3/token 400
[debug] [2025-12-29T13:21:33.631Z] <<< [apiv2][body] POST https://www.googleapis.com/oauth2/v3/token [omitted]
[debug] [2025-12-29T13:21:33.632Z] Request to https://firebase.googleapis.com/v1beta1/projects?pageSize=100 had HTTP Error: 401, Request had invalid authentication credentials. Expected OAuth 2 access token, login cookie or other valid authentication credential. See https://developers.google.com/identity/sign-in/web/devconsole-project.
[debug] [2025-12-29T13:21:33.633Z] FirebaseError: Request to https://firebase.googleapis.com/v1beta1/projects?pageSize=100 had HTTP Error: 401, Request had invalid authentication credentials. Expected OAuth 2 access token, login cookie or other valid authentication credential. See https://developers.google.com/identity/sign-in/web/devconsole-project.
    at responseToError (C:\Users\reznichenko.i\AppData\Roaming\npm\node_modules\firebase-tools\lib\responseToError.js:53:12)
    at RetryOperation._fn (C:\Users\reznichenko.i\AppData\Roaming\npm\node_modules\firebase-tools\lib\apiv2.js:322:77)
    at process.processTicksAndRejections (node:internal/process/task_queues:105:5)
[error] 
[error] Error: Failed to list Firebase projects. See firebase-debug.log for more info.
